  Linear equation.cpp
C:\Users\taehw\Desktop\Jaeho-LinearEquation\Linear equation\Linear equation.cpp(50,53): warning C4244: 'return': '_Ty'에서 'int'(으)로 변환하면서 데이터가 손실될 수 있습니다.
          with
          [
              _Ty=float
          ]
C:\Users\taehw\Desktop\Jaeho-LinearEquation\Linear equation\Linear equation.cpp(59,60): warning C4244: '+=': '_Ty'에서 'int'(으)로 변환하면서 데이터가 손실될 수 있습니다.
          with
          [
              _Ty=float
          ]
C:\Users\taehw\Desktop\Jaeho-LinearEquation\Linear equation\Linear equation.cpp(83,50): warning C4267: '인수': 'size_t'에서 'int'(으)로 변환하면서 데이터가 손실될 수 있습니다.
C:\Users\taehw\Desktop\Jaeho-LinearEquation\Linear equation\Linear equation.cpp(87,78): warning C4267: '인수': 'size_t'에서 'int'(으)로 변환하면서 데이터가 손실될 수 있습니다.
C:\Users\taehw\Desktop\Jaeho-LinearEquation\Linear equation\Linear equation.cpp(87,34): warning C4244: '=': 'int'에서 '_Ty'(으)로 변환하면서 데이터가 손실될 수 있습니다.
          with
          [
              _Ty=float
          ]
C:\Users\taehw\Desktop\Jaeho-LinearEquation\Linear equation\Linear equation.cpp(94,46): warning C4267: '인수': 'size_t'에서 'int'(으)로 변환하면서 데이터가 손실될 수 있습니다.
C:\Users\taehw\Desktop\Jaeho-LinearEquation\Linear equation\Linear equation.cpp(123,1): warning C4326: 'main'의 반환 형식이 'int'이어야 하는데 'void'입니다.
  Linear equation.vcxproj -> C:\Users\taehw\Desktop\Jaeho-LinearEquation\x64\Debug\Linear equation.exe
